\BOOKMARK [0][-]{chapter.1}{\376\377\000C\000B\000M\000P\000y\000:\000\040\000I\000n\000s\000t\000a\000l\000l\000a\000t\000i\000o\000n\000\040\000G\000u\000i\000d\000e}{}% 1
\BOOKMARK [1][-]{section.1.1}{\376\377\000I\000n\000t\000r\000o\000d\000u\000c\000t\000i\000o\000n}{chapter.1}% 2
\BOOKMARK [2][-]{subsection.1.1.1}{\376\377\000S\000u\000p\000p\000o\000r\000t}{section.1.1}% 3
\BOOKMARK [2][-]{subsection.1.1.2}{\376\377\000P\000y\000t\000h\000o\000n\000\040\000s\000t\000a\000n\000d\000a\000r\000d\000\040\000l\000i\000b\000r\000a\000r\000y\000\040\000m\000o\000d\000u\000l\000e\000s}{section.1.1}% 4
\BOOKMARK [2][-]{subsection.1.1.3}{\376\377\000R\000e\000q\000u\000i\000r\000e\000d\000\040\000l\000i\000b\000r\000a\000r\000i\000e\000s\000\040\000\050\000P\000y\000t\000h\000o\000n\000\040\000b\000i\000n\000d\000i\000n\000g\000s\000\051}{section.1.1}% 5
\BOOKMARK [1][-]{section.1.2}{\376\377\000O\000v\000e\000r\000v\000i\000e\000w}{chapter.1}% 6
\BOOKMARK [2][-]{subsection.1.2.1}{\376\377\000P\000y\000P\000I}{section.1.2}% 7
\BOOKMARK [2][-]{subsection.1.2.2}{\376\377\000M\000i\000n\000i\000m\000a\000l}{section.1.2}% 8
\BOOKMARK [2][-]{subsection.1.2.3}{\376\377\000N\000o\000r\000m\000a\000l}{section.1.2}% 9
\BOOKMARK [2][-]{subsection.1.2.4}{\376\377\000F\000u\000l\000l}{section.1.2}% 10
\BOOKMARK [2][-]{subsection.1.2.5}{\376\377\000U\000s\000e\000r\000\040\000t\000o\000o\000l\000s}{section.1.2}% 11
\BOOKMARK [1][-]{section.1.3}{\376\377\000I\000n\000s\000t\000a\000l\000l\000i\000n\000g\000\040\000o\000n\000\040\000U\000b\000u\000n\000t\000u\000\040\000L\000i\000n\000u\000x}{chapter.1}% 12
\BOOKMARK [2][-]{subsection.1.3.1}{\376\377\000P\000y\000t\000h\000o\000n\000\040\0002\000.\0007\000\040\000\050\000f\000u\000l\000l\000\040\000i\000n\000s\000t\000a\000l\000l\000\051}{section.1.3}% 13
\BOOKMARK [2][-]{subsection.1.3.2}{\376\377\000l\000i\000b\000S\000B\000M\000L}{section.1.3}% 14
\BOOKMARK [2][-]{subsection.1.3.3}{\376\377\000g\000l\000p\000k\000/\000p\000y\000t\000h\000o\000n\000-\000g\000l\000p\000k}{section.1.3}% 15
\BOOKMARK [1][-]{section.1.4}{\376\377\000I\000n\000s\000t\000a\000l\000l\000i\000n\000g\000\040\000o\000n\000\040\000M\000i\000c\000r\000o\000s\000o\000f\000t\000\040\000W\000i\000n\000d\000o\000w\000s}{chapter.1}% 16
\BOOKMARK [2][-]{subsection.1.4.1}{\376\377\000A\000n\000a\000c\000o\000n\000d\000a}{section.1.4}% 17
\BOOKMARK [2][-]{subsection.1.4.2}{\376\377\000P\000y\000t\000h\000o\000n\000\050\000x\000,\000y\000\051}{section.1.4}% 18
\BOOKMARK [2][-]{subsection.1.4.3}{\376\377\000I\000n\000s\000t\000a\000l\000l\000i\000n\000g\000\040\000C\000B\000M\000P\000y}{section.1.4}% 19
\BOOKMARK [2][-]{subsection.1.4.4}{\376\377\000I\000n\000s\000t\000a\000l\000l\000i\000n\000g\000\040\000l\000i\000b\000S\000B\000M\000L\000\040\000w\000i\000t\000h\000\040\000P\000y\000t\000h\000o\000n\000\040\000b\000i\000n\000d\000i\000n\000g\000s}{section.1.4}% 20
\BOOKMARK [2][-]{subsection.1.4.5}{\376\377\000O\000p\000t\000m\000i\000z\000a\000t\000i\000o\000n\000\040\000\050\0001\000\051\000:\000\040\000I\000B\000M\000\040\000c\000p\000l\000e\000x\000\040\000o\000p\000t\000i\000m\000i\000z\000a\000t\000i\000o\000n\000\040\000s\000t\000u\000d\000i\000o\000\040\000\050\000A\000c\000a\000d\000e\000m\000i\000c\000\051}{section.1.4}% 21
\BOOKMARK [2][-]{subsection.1.4.6}{\376\377\000O\000p\000t\000m\000i\000z\000a\000t\000i\000o\000n\000\040\000\050\0002\000\051\000:\000\040\000G\000L\000P\000K}{section.1.4}% 22
\BOOKMARK [2][-]{subsection.1.4.7}{\376\377\000T\000e\000s\000t\000i\000n\000g\000\040\000y\000o\000u\000r\000\040\000n\000e\000w\000\040\000i\000n\000s\000t\000a\000l\000l\000a\000t\000i\000o\000n}{section.1.4}% 23
\BOOKMARK [2][-]{subsection.1.4.8}{\376\377\000I\000n\000s\000t\000a\000l\000l\000\040\000C\000B\000M\000P\000y\000\040\000\050\000h\000t\000t\000p\000:\000/\000/\000c\000b\000m\000p\000y\000.\000s\000o\000u\000r\000c\000e\000f\000o\000r\000g\000e\000.\000n\000e\000t\000\051}{section.1.4}% 24
\BOOKMARK [1][-]{section.1.5}{\376\377\000L\000i\000n\000u\000x\000:\000\040\000U\000b\000u\000n\000t\000u}{chapter.1}% 25
\BOOKMARK [1][-]{section.1.6}{\376\377\000L\000i\000n\000u\000x\000:\000\040\000U\000b\000u\000n\000t\000u\000\040\0001\0004\000.\0000\0004}{chapter.1}% 26
\BOOKMARK [2][-]{subsection.1.6.1}{\376\377\000P\000y\000t\000h\000o\000n\0002}{section.1.6}% 27
\BOOKMARK [2][-]{subsection.1.6.2}{\376\377\000l\000i\000b\000S\000B\000M\000L}{section.1.6}% 28
\BOOKMARK [2][-]{subsection.1.6.3}{\376\377\000g\000l\000p\000k\000/\000p\000y\000t\000h\000o\000n\000-\000g\000l\000p\000k}{section.1.6}% 29
\BOOKMARK [2][-]{subsection.1.6.4}{\376\377\000C\000B\000M\000P\000y}{section.1.6}% 30
\BOOKMARK [2][-]{subsection.1.6.5}{\376\377\000I\000n\000s\000t\000a\000l\000l\000i\000n\000g\000\040\000P\000y\000s\000c\000e\000s\000M\000a\000r\000i\000n\000e\000r\000C\000B\000M}{section.1.6}% 31
\BOOKMARK [2][-]{subsection.1.6.6}{\376\377\000I\000n\000s\000t\000a\000l\000l\000\040\000s\000o\000a\000p\000l\000i\000b}{section.1.6}% 32
\BOOKMARK [2][-]{subsection.1.6.7}{\376\377\000I\000n\000s\000t\000a\000l\000l\000\040\000M\000a\000r\000i\000n\000e\000r}{section.1.6}% 33
\BOOKMARK [2][-]{subsection.1.6.8}{\376\377\000T\000e\000s\000t\000\040\000i\000n\000s\000t\000a\000l\000l\000a\000t\000i\000o\000n}{section.1.6}% 34
\BOOKMARK [2][-]{subsection.1.6.9}{\376\377\000P\000y\000t\000h\000o\000n\0003}{section.1.6}% 35
\BOOKMARK [1][-]{section.1.7}{\376\377\000A\000p\000p\000l\000e\000\040\000M\000a\000c\000i\000n\000t\000o\000s\000h\000:\000\040\000O\000S\000\040\000X}{chapter.1}% 36
\BOOKMARK [1][-]{section.1.8}{\376\377\000I\000n\000s\000t\000a\000l\000l\000i\000n\000g\000\040\000P\000y\000S\000C\000e\000S\000-\000C\000B\000M\000\040\000M\000a\000r\000i\000n\000e\000r\000\040\000\050\000M\000i\000c\000r\000o\000s\000o\000f\000t\000\040\000W\000i\000n\000d\000o\000w\000s\000\040\000a\000n\000d\000\040\000L\000i\000n\000u\000x\000\051}{chapter.1}% 37
\BOOKMARK [2][-]{subsection.1.8.1}{\376\377\000D\000e\000p\000e\000n\000d\000e\000n\000c\000i\000e\000s\000:\000\040\000C\000h\000e\000r\000r\000y\000P\000y\000,\000\040\000l\000i\000b\000X\000M\000L\000\040\000a\000n\000d\000\040\000S\000O\000A\000P\000l\000i\000b}{section.1.8}% 38
\BOOKMARK [2][-]{subsection.1.8.2}{\376\377\000P\000y\000S\000C\000e\000S\000-\000C\000B\000M\000\040\000M\000a\000r\000i\000n\000e\000r\000\040\000\050\000h\000t\000t\000p\000:\000/\000/\000c\000b\000m\000p\000y\000.\000s\000o\000u\000r\000c\000e\000f\000o\000r\000g\000e\000.\000n\000e\000t\000\051}{section.1.8}% 39
\BOOKMARK [0][-]{chapter.2}{\376\377\000I\000n\000t\000r\000o\000d\000u\000c\000t\000i\000o\000n}{}% 40
\BOOKMARK [0][-]{chapter.3}{\376\377\000C\000B\000M\000P\000y\000\040\000M\000o\000d\000u\000l\000e\000\040\000R\000e\000f\000e\000r\000e\000n\000c\000e}{}% 41
\BOOKMARK [1][-]{section.3.1}{\376\377\000C\000B\000M\000P\000y\000:\000\040\000C\000B\000C\000o\000m\000m\000o\000n\000\040\000m\000o\000d\000u\000l\000e}{chapter.3}% 42
\BOOKMARK [1][-]{section.3.2}{\376\377\000C\000B\000M\000P\000y\000:\000\040\000C\000B\000C\000o\000n\000f\000i\000g\000\040\000m\000o\000d\000u\000l\000e}{chapter.3}% 43
\BOOKMARK [1][-]{section.3.3}{\376\377\000C\000B\000M\000P\000y\000:\000\040\000C\000B\000C\000P\000L\000E\000X\000\040\000m\000o\000d\000u\000l\000e}{chapter.3}% 44
\BOOKMARK [1][-]{section.3.4}{\376\377\000C\000B\000M\000P\000y\000:\000\040\000C\000B\000D\000a\000t\000a\000S\000t\000r\000u\000c\000t\000\040\000m\000o\000d\000u\000l\000e}{chapter.3}% 45
\BOOKMARK [1][-]{section.3.5}{\376\377\000C\000B\000M\000P\000y\000:\000\040\000C\000B\000G\000U\000I\000\040\000m\000o\000d\000u\000l\000e}{chapter.3}% 46
\BOOKMARK [1][-]{section.3.6}{\376\377\000C\000B\000M\000P\000y\000:\000\040\000C\000B\000M\000o\000d\000e\000l\000\040\000m\000o\000d\000u\000l\000e}{chapter.3}% 47
\BOOKMARK [1][-]{section.3.7}{\376\377\000C\000B\000M\000P\000y\000:\000\040\000C\000B\000M\000o\000d\000e\000l\000T\000o\000o\000l\000s\000\040\000m\000o\000d\000u\000l\000e}{chapter.3}% 48
\BOOKMARK [1][-]{section.3.8}{\376\377\000C\000B\000M\000P\000y\000:\000\040\000C\000B\000M\000u\000l\000t\000i\000C\000o\000r\000e\000\040\000m\000o\000d\000u\000l\000e}{chapter.3}% 49
\BOOKMARK [1][-]{section.3.9}{\376\377\000C\000B\000M\000P\000y\000:\000\040\000C\000B\000M\000u\000l\000t\000i\000E\000n\000v\000\040\000m\000o\000d\000u\000l\000e}{chapter.3}% 50
\BOOKMARK [1][-]{section.3.10}{\376\377\000C\000B\000M\000P\000y\000:\000\040\000C\000B\000N\000e\000t\000D\000B\000\040\000m\000o\000d\000u\000l\000e}{chapter.3}% 51
\BOOKMARK [1][-]{section.3.11}{\376\377\000C\000B\000M\000P\000y\000:\000\040\000C\000B\000P\000l\000o\000t\000\040\000m\000o\000d\000u\000l\000e}{chapter.3}% 52
\BOOKMARK [1][-]{section.3.12}{\376\377\000C\000B\000M\000P\000y\000:\000\040\000C\000B\000R\000e\000a\000d\000\040\000m\000o\000d\000u\000l\000e}{chapter.3}% 53
\BOOKMARK [1][-]{section.3.13}{\376\377\000C\000B\000M\000P\000y\000:\000\040\000C\000B\000R\000e\000a\000d\000t\000x\000t\000\040\000m\000o\000d\000u\000l\000e}{chapter.3}% 54
\BOOKMARK [1][-]{section.3.14}{\376\377\000C\000B\000M\000P\000y\000:\000\040\000C\000B\000S\000o\000l\000v\000e\000r\000\040\000m\000o\000d\000u\000l\000e}{chapter.3}% 55
\BOOKMARK [1][-]{section.3.15}{\376\377\000C\000B\000M\000P\000y\000:\000\040\000C\000B\000T\000o\000o\000l\000s\000\040\000m\000o\000d\000u\000l\000e}{chapter.3}% 56
\BOOKMARK [1][-]{section.3.16}{\376\377\000C\000B\000M\000P\000y\000:\000\040\000C\000B\000W\000r\000i\000t\000e\000\040\000m\000o\000d\000u\000l\000e}{chapter.3}% 57
\BOOKMARK [1][-]{section.3.17}{\376\377\000C\000B\000M\000P\000y\000:\000\040\000C\000B\000W\000x\000\040\000m\000o\000d\000u\000l\000e}{chapter.3}% 58
\BOOKMARK [1][-]{section.3.18}{\376\377\000C\000B\000M\000P\000y\000:\000\040\000C\000B\000X\000M\000L\000\040\000m\000o\000d\000u\000l\000e}{chapter.3}% 59
\BOOKMARK [1][-]{section.3.19}{\376\377\000C\000B\000M\000P\000y\000:\000\040\000M\000u\000l\000t\000i\000C\000o\000r\000e\000F\000V\000A\000\040\000m\000o\000d\000u\000l\000e}{chapter.3}% 60
\BOOKMARK [1][-]{section.3.20}{\376\377\000C\000B\000M\000P\000y\000:\000\040\000M\000u\000l\000t\000i\000C\000o\000r\000e\000E\000n\000v\000F\000V\000A\000\040\000m\000o\000d\000u\000l\000e}{chapter.3}% 61
\BOOKMARK [0][-]{chapter.4}{\376\377\000I\000n\000d\000i\000c\000e\000s\000\040\000a\000n\000d\000\040\000t\000a\000b\000l\000e\000s}{}% 62
\BOOKMARK [0][-]{section*.613}{\376\377\000P\000y\000t\000h\000o\000n\000\040\000M\000o\000d\000u\000l\000e\000\040\000I\000n\000d\000e\000x}{}% 63
